0 verbose cli C:\Program Files\nodejs\node.exe C:\Program Files\nodejs\node_modules\npm\bin\npm-cli.js
1 info using npm@9.6.7
2 info using node@v20.3.0
3 timing npm:load:whichnode Completed in 6ms
4 timing config:load:defaults Completed in 2ms
5 timing config:load:file:C:\Program Files\nodejs\node_modules\npm\npmrc Completed in 5ms
6 timing config:load:builtin Completed in 6ms
7 timing config:load:cli Completed in 3ms
8 timing config:load:env Completed in 0ms
9 timing config:load:file:E:\react_project\pg\pg\.npmrc Completed in 0ms
10 timing config:load:project Completed in 2ms
11 timing config:load:file:C:\Users\Tirupati\.npmrc Completed in 1ms
12 timing config:load:user Completed in 1ms
13 timing config:load:file:C:\Users\Tirupati\AppData\Roaming\npm\etc\npmrc Completed in 0ms
14 timing config:load:global Completed in 1ms
15 timing config:load:setEnvs Completed in 1ms
16 timing config:load Completed in 16ms
17 timing npm:load:configload Completed in 16ms
18 timing npm:load:mkdirpcache Completed in 0ms
19 timing npm:load:mkdirplogs Completed in 1ms
20 verbose title npm start
21 verbose argv "start" "--cache" "clean"
22 timing npm:load:setTitle Completed in 2ms
23 timing config:load:flatten Completed in 4ms
24 timing npm:load:display Completed in 5ms
25 verbose logfile logs-max:10 dir:E:\react_project\pg\pg\clean\_logs\2023-12-05T07_52_12_895Z-
26 verbose logfile E:\react_project\pg\pg\clean\_logs\2023-12-05T07_52_12_895Z-debug-0.log
27 timing npm:load:logFile Completed in 12ms
28 timing npm:load:timers Completed in 1ms
29 timing npm:load:configScope Completed in 0ms
30 timing npm:load Completed in 43ms
31 silly logfile done cleaning log files
32 http fetch GET 200 https://registry.npmjs.org/npm 698ms (cache miss)
33 http fetch GET 200 https://registry.npmjs.org/npm 739ms (cache miss)
34 timing command:run-script Completed in 233381ms
35 timing command:start Completed in 233402ms
36 notice
36 notice New [31mmajor[39m version of npm available! [31m9.6.7[39m -> [32m10.2.4[39m
36 notice Changelog: [36mhttps://github.com/npm/cli/releases/tag/v10.2.4[39m
36 notice Run [32mnpm install -g npm@10.2.4[39m to update!
36 notice
37 verbose exit 3221225786
38 timing npm Completed in 233465ms
39 verbose code 3221225786
